0 verbose cli /usr/local/bin/node /usr/local/bin/npm
1 info using npm@8.19.2
2 info using node@v17.9.1
3 timing npm:load:whichnode Completed in 1ms
4 timing config:load:defaults Completed in 6ms
5 timing config:load:file:/usr/local/lib/node_modules/npm/npmrc Completed in 4ms
6 timing config:load:builtin Completed in 5ms
7 timing config:load:cli Completed in 2ms
8 timing config:load:env Completed in 2ms
9 timing config:load:project Completed in 23ms
10 timing config:load:file:/home/container/.npmrc Completed in 3ms
11 timing config:load:user Completed in 3ms
12 timing config:load:file:/usr/local/etc/npmrc Completed in 0ms
13 timing config:load:global Completed in 1ms
14 timing config:load:validate Completed in 0ms
15 timing config:load:credentials Completed in 1ms
16 timing config:load:setEnvs Completed in 2ms
17 timing config:load Completed in 46ms
18 timing npm:load:configload Completed in 46ms
19 timing npm:load:mkdirpcache Completed in 2ms
20 timing npm:load:mkdirplogs Completed in 0ms
21 verbose title npm i
22 verbose argv "i"
23 timing npm:load:setTitle Completed in 2ms
24 timing config:load:flatten Completed in 7ms
25 timing npm:load:display Completed in 10ms
26 verbose logfile logs-max:10 dir:/home/container/.npm/_logs
27 verbose logfile /home/container/.npm/_logs/2022-11-01T14_00_52_975Z-debug-0.log
28 timing npm:load:logFile Completed in 11ms
29 timing npm:load:timers Completed in 0ms
30 timing npm:load:configScope Completed in 0ms
31 timing npm:load Completed in 73ms
32 timing arborist:ctor Completed in 1ms
33 silly logfile start cleaning logs, removing 1 files
34 silly logfile done cleaning log files
35 timing idealTree:init Completed in 849ms
36 timing idealTree:userRequests Completed in 0ms
37 silly idealTree buildDeps
38 timing idealTree:#root Completed in 0ms
39 timing idealTree:buildDeps Completed in 2ms
40 timing idealTree:fixDepFlags Completed in 0ms
41 timing idealTree Completed in 868ms
42 timing arborist:ctor Completed in 0ms
43 timing reify:loadTrees Completed in 1449ms
44 timing reify:diffTrees Completed in 28ms
45 silly reify moves {}
46 timing reify:retireShallow Completed in 1ms
47 timing reify:createSparse Completed in 0ms
48 timing reify:loadBundles Completed in 0ms
49 silly audit bulk request {
49 silly audit   '@adiwajshing/baileys': [ '4.4.0' ],
49 silly audit   '@aws-crypto/ie11-detection': [ '2.0.2' ],
49 silly audit   tslib: [ '1.14.1', '2.4.0', '2.3.1' ],
49 silly audit   '@aws-crypto/sha256-browser': [ '2.0.0' ],
49 silly audit   '@aws-crypto/sha256-js': [ '2.0.0' ],
49 silly audit   '@aws-crypto/supports-web-crypto': [ '2.0.2' ],
49 silly audit   '@aws-crypto/util': [ '2.0.2' ],
49 silly audit   '@aws-sdk/abort-controller': [ '3.193.0' ],
49 silly audit   '@aws-sdk/client-cognito-identity': [ '3.195.0' ],
49 silly audit   '@aws-sdk/client-sso': [ '3.193.0' ],
49 silly audit   '@aws-sdk/client-sts': [ '3.194.0' ],
49 silly audit   '@aws-sdk/config-resolver': [ '3.193.0' ],
49 silly audit   '@aws-sdk/credential-provider-cognito-identity': [ '3.195.0' ],
49 silly audit   '@aws-sdk/credential-provider-env': [ '3.193.0' ],
49 silly audit   '@aws-sdk/credential-provider-imds': [ '3.193.0' ],
49 silly audit   '@aws-sdk/credential-provider-ini': [ '3.193.0' ],
49 silly audit   '@aws-sdk/credential-provider-node': [ '3.193.0' ],
49 silly audit   '@aws-sdk/credential-provider-process': [ '3.193.0' ],
49 silly audit   '@aws-sdk/credential-provider-sso': [ '3.193.0' ],
49 silly audit   '@aws-sdk/credential-provider-web-identity': [ '3.193.0' ],
49 silly audit   '@aws-sdk/credential-providers': [ '3.195.0' ],
49 silly audit   '@aws-sdk/fetch-http-handler': [ '3.193.0' ],
49 silly audit   '@aws-sdk/hash-node': [ '3.193.0' ],
49 silly audit   '@aws-sdk/invalid-dependency': [ '3.193.0' ],
49 silly audit   '@aws-sdk/is-array-buffer': [ '3.188.0' ],
49 silly audit   '@aws-sdk/middleware-content-length': [ '3.193.0' ],
49 silly audit   '@aws-sdk/middleware-endpoint': [ '3.193.0' ],
49 silly audit   '@aws-sdk/middleware-host-header': [ '3.193.0' ],
49 silly audit   '@aws-sdk/middleware-logger': [ '3.193.0' ],
49 silly audit   '@aws-sdk/middleware-recursion-detection': [ '3.193.0' ],
49 silly audit   '@aws-sdk/middleware-retry': [ '3.193.0' ],
49 silly audit   '@aws-sdk/middleware-sdk-sts': [ '3.193.0' ],
49 silly audit   '@aws-sdk/middleware-serde': [ '3.193.0' ],
49 silly audit   '@aws-sdk/middleware-signing': [ '3.193.0' ],
49 silly audit   '@aws-sdk/middleware-stack': [ '3.193.0' ],
49 silly audit   '@aws-sdk/middleware-user-agent': [ '3.193.0' ],
49 silly audit   '@aws-sdk/node-config-provider': [ '3.193.0' ],
49 silly audit   '@aws-sdk/node-http-handler': [ '3.193.0' ],
49 silly audit   '@aws-sdk/property-provider': [ '3.193.0' ],
49 silly audit   '@aws-sdk/protocol-http': [ '3.193.0' ],
49 silly audit   '@aws-sdk/querystring-builder': [ '3.193.0' ],
49 silly audit   '@aws-sdk/querystring-parser': [ '3.193.0' ],
49 silly audit   '@aws-sdk/service-error-classification': [ '3.193.0' ],
49 silly audit   '@aws-sdk/shared-ini-file-loader': [ '3.193.0' ],
49 silly audit   '@aws-sdk/signature-v4': [ '3.193.0' ],
49 silly audit   '@aws-sdk/smithy-client': [ '3.193.0' ],
49 silly audit   '@aws-sdk/types': [ '3.193.0' ],
49 silly audit   '@aws-sdk/url-parser': [ '3.193.0' ],
49 silly audit   '@aws-sdk/util-base64-browser': [ '3.188.0' ],
49 silly audit   '@aws-sdk/util-base64-node': [ '3.188.0' ],
49 silly audit   '@aws-sdk/util-body-length-browser': [ '3.188.0' ],
49 silly audit   '@aws-sdk/util-body-length-node': [ '3.188.0' ],
49 silly audit   '@aws-sdk/util-buffer-from': [ '3.188.0' ],
49 silly audit   '@aws-sdk/util-config-provider': [ '3.188.0' ],
49 silly audit   '@aws-sdk/util-defaults-mode-browser': [ '3.193.0' ],
49 silly audit   '@aws-sdk/util-defaults-mode-node': [ '3.193.0' ],
49 silly audit   '@aws-sdk/util-endpoints': [ '3.194.0' ],
49 silly audit   '@aws-sdk/util-hex-encoding': [ '3.188.0' ],
49 silly audit   '@aws-sdk/util-locate-window': [ '3.188.0' ],
49 silly audit   '@aws-sdk/util-middleware': [ '3.193.0' ],
49 silly audit   '@aws-sdk/util-uri-escape': [ '3.188.0' ],
49 silly audit   '@aws-sdk/util-user-agent-browser': [ '3.193.0' ],
49 silly audit   '@aws-sdk/util-user-agent-node': [ '3.193.0' ],
49 silly audit   '@aws-sdk/util-utf8-browser': [ '3.188.0' ],
49 silly audit   '@aws-sdk/util-utf8-node': [ '3.188.0' ],
49 silly audit   '@babel/runtime': [ '7.19.4' ],
49 silly audit   '@bochilteam/scraper': [ '3.0.0' ],
49 silly audit   '@hapi/boom': [ '9.1.4' ],
49 silly audit   '@hapi/hoek': [ '9.3.0' ],
49 silly audit   '@javascript-obfuscator/escodegen': [ '2.3.0' ],
49 silly audit   '@javascript-obfuscator/estraverse': [ '5.4.0' ],
49 silly audit   '@jimp/bmp': [ '0.16.2', '0.14.0' ],
49 silly audit   '@jimp/core': [ '0.16.2', '0.14.0' ],
49 silly audit   'file-type': [ '9.0.0', '17.1.6', '16.5.4' ],
49 silly audit   mkdirp: [ '0.5.6', '1.0.4' ],
49 silly audit   '@jimp/custom': [ '0.16.2', '0.14.0' ],
49 silly audit   '@jimp/gif': [ '0.16.2', '0.14.0' ],
49 silly audit   '@jimp/jpeg': [ '0.16.2', '0.14.0' ],
49 silly audit   '@jimp/plugin-blit': [ '0.16.2', '0.14.0' ],
49 silly audit   '@jimp/plugin-blur': [ '0.16.2', '0.14.0' ],
49 silly audit   '@jimp/plugin-circle': [ '0.16.2', '0.14.0' ],
49 silly audit   '@jimp/plugin-color': [ '0.16.2', '0.14.0' ],
49 silly audit   '@jimp/plugin-contain': [ '0.16.2', '0.14.0' ],
49 silly audit   '@jimp/plugin-cover': [ '0.16.2', '0.14.0' ],
49 silly audit   '@jimp/plugin-crop': [ '0.16.2', '0.14.0' ],
49 silly audit   '@jimp/plugin-displace': [ '0.16.2', '0.14.0' ],
49 silly audit   '@jimp/plugin-dither': [ '0.16.2', '0.14.0' ],
49 silly audit   '@jimp/plugin-fisheye': [ '0.16.2', '0.14.0' ],
49 silly audit   '@jimp/plugin-flip': [ '0.16.2', '0.14.0' ],
49 silly audit   '@jimp/plugin-gaussian': [ '0.16.2', '0.14.0' ],
49 silly audit   '@jimp/plugin-invert': [ '0.16.2', '0.14.0' ],
49 silly audit   '@jimp/plugin-mask': [ '0.16.2', '0.14.0' ],
49 silly audit   '@jimp/plugin-normalize': [ '0.16.2', '0.14.0' ],
49 silly audit   '@jimp/plugin-print': [ '0.16.2', '0.14.0' ],
49 silly audit   '@jimp/plugin-resize': [ '0.16.2', '0.14.0' ],
49 silly audit   '@jimp/plugin-rotate': [ '0.16.2', '0.14.0' ],
49 silly audit   '@jimp/plugin-scale': [ '0.16.2', '0.14.0' ],
49 silly audit   '@jimp/plugin-shadow': [ '0.16.2', '0.14.0' ],
49 silly audit   '@jimp/plugin-threshold': [ '0.16.2', '0.14.0' ],
49 silly audit   '@jimp/plugins': [ '0.16.2', '0.14.0' ],
49 silly audit   '@jimp/png': [ '0.16.2', '0.14.0' ],
49 silly audit   pngjs: [ '3.4.0', '5.0.0' ],
49 silly audit   '@jimp/tiff': [ '0.16.2', '0.14.0' ],
49 silly audit   '@jimp/types': [ '0.16.2', '0.14.0' ],
49 silly audit   '@jimp/utils': [ '0.16.2', '0.14.0' ],
49 silly audit   '@protobufjs/aspromise': [ '1.1.2' ],
49 silly audit   '@protobufjs/base64': [ '1.1.2' ],
49 silly audit   '@protobufjs/codegen': [ '2.0.4' ],
49 silly audit   '@protobufjs/eventemitter': [ '1.1.0' ],
49 silly audit   '@protobufjs/fetch': [ '1.1.0' ],
49 silly audit   '@protobufjs/float': [ '1.0.2' ],
49 silly audit   '@protobufjs/inquire': [ '1.1.0' ],
49 silly audit   '@protobufjs/path': [ '1.1.2' ],
49 silly audit   '@protobufjs/pool': [ '1.1.0' ],
49 silly audit   '@protobufjs/utf8': [ '1.1.0' ],
49 silly audit   '@sindresorhus/is': [ '4.6.0', '0.14.0' ],
49 silly audit   '@socket.io/component-emitter': [ '3.1.0' ],
49 silly audit   '@szmarczak/http-timer': [ '4.0.6', '1.1.2' ],
49 silly audit   '@tokenizer/token': [ '0.3.0' ],
49 silly audit   '@tootallnate/once': [ '2.0.0', '1.1.2' ],
49 silly audit   '@types/cacheable-request': [ '6.0.2' ],
49 silly audit   '@types/cookie': [ '0.4.1' ],
49 silly audit   '@types/cors': [ '2.8.12' ],
49 silly audit   '@types/http-cache-semantics': [ '4.0.1' ],
49 silly audit   '@types/keyv': [ '4.2.0' ],
49 silly audit   '@types/long': [ '4.0.2' ],
49 silly audit   '@types/minimatch': [ '3.0.5' ],
49 silly audit   '@types/node': [ '18.11.5', '16.9.1', '10.17.60' ],
49 silly audit   '@types/responselike': [ '1.0.0' ],
49 silly audit   '@types/webidl-conversions': [ '7.0.0' ],
49 silly audit   '@types/whatwg-url': [ '8.2.2' ],
49 silly audit   '@vitalets/google-translate-api': [ '8.0.0' ],
49 silly audit   'cacheable-request': [ '6.1.0', '7.0.2' ],
49 silly audit   'decompress-response': [ '3.3.0', '6.0.0' ],
49 silly audit   'defer-to-connect': [ '1.1.3', '2.0.1' ],
49 silly audit   got: [ '9.6.0', '11.8.5' ],
49 silly audit   'get-stream': [ '4.1.0', '6.0.1', '5.2.0' ],
49 silly audit   'lowercase-keys': [ '1.0.1', '2.0.0' ],
49 silly audit   'json-buffer': [ '3.0.0', '3.0.1' ],
49 silly audit   keyv: [ '3.1.0', '4.5.0' ],
49 silly audit   'normalize-url': [ '4.5.1', '6.1.0' ],
49 silly audit   'p-cancelable': [ '1.1.0', '2.1.1' ],
49 silly audit   responselike: [ '1.0.2', '2.0.1' ],
49 silly audit   abab: [ '2.0.6' ],
49 silly audit   'abort-controller': [ '3.0.0' ],
49 silly audit   accepts: [ '1.3.8' ],
49 silly audit   acorn: [ '8.7.0', '7.4.1' ],
49 silly audit   'acorn-globals': [ '6.0.0' ],
49 silly audit   'acorn-node': [ '1.8.2' ],
49 silly audit   'acorn-walk': [ '7.2.0' ],
49 silly audit   acrcloud: [ '1.4.0' ],
49 silly audit   'form-data': [ '2.5.1', '3.0.1', '4.0.0', '2.3.3' ],
49 silly audit   'node-fetch': [ '2.6.7', '3.2.10' ],
49 silly audit   tr46: [ '0.0.3', '2.1.0', '3.0.0' ],
49 silly audit   'webidl-conversions': [ '3.0.1', '5.0.0', '6.1.0', '7.0.0' ],
49 silly audit   'whatwg-url': [ '5.0.0', '11.0.0', '8.7.0', '10.0.0' ],
49 silly audit   'agent-base': [ '6.0.2' ],
49 silly audit   debug: [ '4.3.4', '2.6.9' ],
49 silly audit   ms: [ '2.1.2', '2.1.3', '2.0.0' ],
49 silly audit   ajv: [ '6.12.6' ],
49 silly audit   'ansi-escapes': [ '4.3.2', '5.0.0' ],
49 silly audit   'ansi-regex': [ '5.0.1', '2.1.1', '3.0.1' ],
49 silly audit   'ansi-styles': [ '4.3.0', '3.2.1' ],
49 silly audit   'ansi-wrap': [ '0.1.0' ],
49 silly audit   'ansi-yellow': [ '0.1.1' ],
49 silly audit   'any-base': [ '1.1.0' ],
49 silly audit   'api-dylux': [ '1.1.4' ],
49 silly audit   axios: [ '0.21.4', '0.24.0', '0.27.2' ],
49 silly audit   'app-path': [ '4.0.0' ],
49 silly audit   args: [ '5.0.3' ],
49 silly audit   chalk: [ '2.4.2', '4.1.2', '5.1.2' ],
49 silly audit   'color-convert': [ '1.9.3', '2.0.1' ],
49 silly audit   'color-name': [ '1.1.3', '1.1.4' ],
49 silly audit   'arr-diff': [ '1.1.0', '2.0.0' ],
49 silly audit   'arr-flatten': [ '1.1.0' ],
49 silly audit   'array-differ': [ '3.0.0' ],
49 silly audit   'array-flatten': [ '1.1.1' ],
49 silly audit   'array-range': [ '1.0.1' ],
49 silly audit   'array-slice': [ '0.2.3' ],
49 silly audit   'array-union': [ '2.1.0' ],
49 silly audit   'array-unique': [ '0.2.1' ],
49 silly audit   arrify: [ '2.0.1' ],
49 silly audit   asn1: [ '0.2.6' ],
49 silly audit   assert: [ '2.0.0' ],
49 silly audit   'assert-plus': [ '1.0.0' ],
49 silly audit   'astral-regex': [ '2.0.0' ],
49 silly audit   async: [ '3.2.4', '1.5.2', '2.6.4' ],
49 silly audit   'async.parallellimit': [ '0.5.2' ],
49 silly audit   'async.util.eachoflimit': [ '0.5.2' ],
49 silly audit   'async.util.isarray': [ '0.5.2' ],
49 silly audit   'async.util.isarraylike': [ '0.5.2' ],
49 silly audit   'async.util.keyiterator': [ '0.5.2' ],
49 silly audit   'async.util.keys': [ '0.5.2' ],
49 silly audit   'async.util.noop': [ '0.5.2' ],
49 silly audit   'async.util.once': [ '0.5.2' ],
49 silly audit   'async.util.onlyonce': [ '0.5.2' ],
49 silly audit   'async.util.parallel': [ '0.5.2' ],
49 silly audit   'async.util.restparam': [ '0.5.2' ],
49 silly audit   asynckit: [ '0.4.0' ],
49 silly audit   'atomic-sleep': [ '1.0.0' ],
49 silly audit   'available-typed-arrays': [ '1.0.5' ],
49 silly audit   'awesome-phonenumber': [ '2.73.0' ],
49 silly audit   'aws-sign2': [ '0.7.0' ],
49 silly audit   aws4: [ '1.11.0' ],
49 silly audit   'balanced-match': [ '1.0.2' ],
49 silly audit   'base64-js': [ '1.5.1' ],
49 silly audit   base64id: [ '2.0.0' ],
49 silly audit   'bcrypt-pbkdf': [ '1.0.2' ],
49 silly audit   'big-integer': [ '1.6.51' ],
49 silly audit   'bing-scraper': [ '1.4.11' ],
49 silly audit   biskviit: [ '1.0.1' ],
49 silly audit   bl: [ '4.1.0' ],
49 silly audit   'readable-stream': [ '3.6.0', '2.3.7' ],
49 silly audit   bluebird: [ '2.11.0' ],
49 silly audit   'bmp-js': [ '0.1.0' ],
49 silly audit   'body-parser': [ '1.20.1' ],
49 silly audit   boolbase: [ '1.0.0' ],
49 silly audit   boolstring: [ '1.0.2' ],
49 silly audit   bowser: [ '2.11.0' ],
49 silly audit   'brace-expansion': [ '1.1.11' ],
49 silly audit   braces: [ '1.8.5' ],
49 silly audit   'browser-process-hrtime': [ '1.0.0' ],
49 silly audit   bson: [ '4.7.0' ],
49 silly audit   buffer: [ '5.7.1' ],
49 silly audit   'buffer-equal': [ '0.0.1' ],
49 silly audit   'buffer-from': [ '1.1.2' ],
49 silly audit   bytes: [ '3.1.2' ],
49 silly audit   'cacheable-lookup': [ '5.0.4' ],
49 silly audit   'call-bind': [ '1.0.2' ],
49 silly audit   camelcase: [ '5.0.0' ],
49 silly audit   caseless: [ '0.12.0' ],
49 silly audit   cfonts: [ '2.10.1' ],
49 silly audit   'has-flag': [ '4.0.0', '3.0.0' ],
49 silly audit   'supports-color': [ '7.2.0', '5.5.0' ],
49 silly audit   chance: [ '1.1.8' ],
49 silly audit   'char-regex': [ '1.0.2' ],
49 silly audit   charenc: [ '0.0.2' ],
49 silly audit   cheerio: [ '1.0.0-rc.12', '1.0.0-rc.11' ],
49 silly audit   'cheerio-select': [ '2.1.0' ],
49 silly audit   chownr: [ '1.1.4' ],
49 silly audit   'class-validator': [ '0.13.2' ],
49 silly audit   'cli-color': [ '1.2.0' ],
49 silly audit   'cli-cursor': [ '3.1.0' ],
49 silly audit   cliui: [ '8.0.1', '6.0.0' ],
49 silly audit   'wrap-ansi': [ '7.0.0', '6.2.0' ],
49 silly audit   clone: [ '2.1.2' ],
49 silly audit   'clone-response': [ '1.0.3' ],
49 silly audit   color: [ '4.2.3' ],
49 silly audit   'color-string': [ '1.9.1' ],
49 silly audit   colorette: [ '2.0.19' ],
49 silly audit   colors: [ '1.4.0' ],
49 silly audit   'combined-stream': [ '1.0.8' ],
49 silly audit   commander: [ '9.0.0' ],
49 silly audit   'component-emitter': [ '1.3.0' ],
49 silly audit   'concat-map': [ '0.0.1' ],
49 silly audit   configstore: [ '5.0.1' ],
49 silly audit   'content-disposition': [ '0.5.4' ],
49 silly audit   'content-type': [ '1.0.4' ],
49 silly audit   cookie: [ '0.5.0', '0.4.2' ],
49 silly audit   'cookie-signature': [ '1.0.6' ],
49 silly audit   'core-util-is': [ '1.0.3', '1.0.2' ],
49 silly audit   cors: [ '2.8.5' ],
49 silly audit   'cross-fetch': [ '3.1.5' ],
49 silly audit   'cross-spawn': [ '7.0.3' ],
49 silly audit   which: [ '2.0.2', '1.3.1' ],
49 silly audit   crypt: [ '0.0.2' ],
49 silly audit   'crypto-random-string': [ '2.0.0' ],
49 silly audit   'css-select': [ '5.1.0' ],
49 silly audit   'css-what': [ '6.1.0' ],
49 silly audit   cssom: [ '0.5.0', '0.3.8', '0.4.4' ],
49 silly audit   cssstyle: [ '2.3.0' ],
49 silly audit   'curve25519-js': [ '0.0.4' ],
49 silly audit   cycled: [ '1.2.0' ],
49 silly audit   d: [ '1.0.1' ],
49 silly audit   'dandi-api': [ '1.2.0' ],
49 silly audit   dashdash: [ '1.14.1' ],
49 silly audit   dasu: [ '0.4.3' ],
49 silly audit   'data-uri-to-buffer': [ '4.0.0' ],
49 silly audit   'data-urls': [ '3.0.2', '2.0.0' ],
49 silly audit   dateformat: [ '4.6.3' ],
49 silly audit   decamelize: [ '1.2.0' ],
49 silly audit   'decimal.js': [ '10.4.2' ],
49 silly audit   'decode-gif': [ '1.0.1' ],
49 silly audit   'mimic-response': [ '3.1.0', '1.0.1' ],
49 silly audit   'deep-extend': [ '0.6.0' ],
49 silly audit   'deep-is': [ '0.1.4' ],
49 silly audit   'define-properties': [ '1.1.4' ],
49 silly audit   'define-property': [ '1.0.0' ],
49 silly audit   delay: [ '4.4.1' ],
49 silly audit   'delayed-stream': [ '1.0.0' ],
49 silly audit   denque: [ '2.1.0' ],
49 silly audit   depd: [ '2.0.0' ],
49 silly audit   destroy: [ '1.2.0' ],
49 silly audit   'detect-file': [ '0.1.0' ],
49 silly audit   'detect-libc': [ '2.0.1' ],
49 silly audit   dijkstrajs: [ '1.0.2' ],
49 silly audit   'dom-serializer': [ '2.0.0' ],
49 silly audit   'dom-walk': [ '0.1.2' ],
49 silly audit   domelementtype: [ '2.3.0' ],
49 silly audit   domexception: [ '4.0.0', '2.0.1' ],
49 silly audit   domhandler: [ '5.0.3' ],
49 silly audit   domutils: [ '3.0.1' ],
49 silly audit   'dot-prop': [ '5.3.0' ],
49 silly audit   'dotdir-regex': [ '0.1.0' ],
49 silly audit   duplexer3: [ '0.1.5' ],
49 silly audit   duplexify: [ '4.1.2' ],
49 silly audit   'ecc-jsbn': [ '0.1.2' ],
49 silly audit   'ee-first': [ '1.1.1' ],
49 silly audit   'emoji-api': [ '1.0.2' ],
49 silly audit   'html-encoding-sniffer': [ '2.0.1', '3.0.0' ],
49 silly audit   'http-proxy-agent': [ '4.0.1', '5.0.0' ],
49 silly audit   jsdom: [ '16.7.0', '19.0.0' ],
49 silly audit   parse5: [ '6.0.1', '7.1.1' ],
49 silly audit   'w3c-xmlserializer': [ '2.0.0', '3.0.0' ],
49 silly audit   'whatwg-encoding': [ '1.0.5', '2.0.0' ],
49 silly audit   'whatwg-mimetype': [ '2.3.0', '3.0.0' ],
49 silly audit   ws: [ '7.5.9', '8.2.3', '8.10.0' ],
49 silly audit   'xml-name-validator': [ '3.0.0', '4.0.0' ],
49 silly audit   'emoji-regex': [ '8.0.0' ],
49 silly audit   'encode-utf8': [ '1.0.3' ],
49 silly audit   encodeurl: [ '1.0.2' ],
49 silly audit   encoding: [ '0.1.12' ],
49 silly audit   'end-of-stream': [ '1.4.4' ],
49 silly audit   'ends-with': [ '0.2.0' ],
49 silly audit   'engine.io': [ '6.2.0' ],
49 silly audit   'engine.io-parser': [ '5.0.4' ],
49 silly audit   entities: [ '4.4.0' ],
49 silly audit   'es-abstract': [ '1.20.4' ],
49 silly audit   'es-to-primitive': [ '1.2.1' ],
49 silly audit   'es5-ext': [ '0.10.62' ],
49 silly audit   'es6-iterator': [ '2.0.3' ],
49 silly audit   'es6-object-assign': [ '1.1.0' ],
49 silly audit   'es6-symbol': [ '3.1.3' ],
49 silly audit   'es6-weak-map': [ '2.0.3' ],
49 silly audit   escalade: [ '3.1.1' ],
49 silly audit   'escape-html': [ '1.0.3' ],
49 silly audit   'escape-string-regexp': [ '1.0.5' ],
49 silly audit   escodegen: [ '2.0.0' ],
49 silly audit   'eslint-scope': [ '7.1.0' ],
49 silly audit   'eslint-visitor-keys': [ '3.2.0' ],
49 silly audit   esprima: [ '4.0.1' ],
49 silly audit   esrecurse: [ '4.3.0' ],
49 silly audit   estraverse: [ '5.3.0' ],
49 silly audit   esutils: [ '2.0.3' ],
49 silly audit   etag: [ '1.8.1' ],
49 silly audit   'event-emitter': [ '0.3.5' ],
49 silly audit   'event-target-shim': [ '5.0.1' ],
49 silly audit   execa: [ '5.1.1' ],
49 silly audit   'exif-parser': [ '0.1.12' ],
49 silly audit   'expand-brackets': [ '0.1.5' ],
49 silly audit   'expand-range': [ '1.8.2' ],
49 silly audit   'expand-template': [ '2.0.3' ],
49 silly audit   'expand-tilde': [ '1.2.2' ],
49 silly audit   'export-files': [ '2.1.1' ],
49 silly audit   'lazy-cache': [ '1.0.4', '0.2.7', '0.1.0' ],
49 silly audit   express: [ '4.18.2' ],
49 silly audit   ext: [ '1.7.0' ],
49 silly audit   type: [ '2.7.2', '1.2.0' ],
49 silly audit   extend: [ '3.0.2' ],
49 silly audit   'extend-shallow': [ '2.0.1' ],
49 silly audit   extglob: [ '0.3.2' ],
49 silly audit   extsprintf: [ '1.3.0' ],
49 silly audit   'fake-useragent': [ '1.0.1' ],
49 silly audit   'fast-deep-equal': [ '3.1.3' ],
49 silly audit   'fast-json-stable-stringify': [ '2.1.0' ],
49 silly audit   'fast-levenshtein': [ '2.0.6' ],
49 silly audit   'fast-redact': [ '3.1.2' ],
49 silly audit   'fast-safe-stringify': [ '2.1.1' ],
49 silly audit   'fast-xml-parser': [ '4.0.11' ],
49 silly audit   'fb-downloader-scrapper': [ '1.0.3' ],
49 silly audit   fetch: [ '1.1.0' ],
49 silly audit   'fetch-blob': [ '3.2.0' ],
49 silly audit   'web-streams-polyfill': [ '3.2.1', '4.0.0-beta.3' ],
49 silly audit   'fg-ig': [ '0.0.1' ],
49 silly audit   'fg-twitter': [ '0.0.9' ],
49 silly audit   'filename-regex': [ '2.0.1' ],
49 silly audit   'fill-range': [ '2.2.4' ],
49 silly audit   finalhandler: [ '1.2.0' ],
49 silly audit   'find-up': [ '4.1.0' ],
49 silly audit   'findup-sync': [ '1.0.0' ],
49 silly audit   'kind-of': [ '3.2.2', '6.0.3', '2.0.1', '1.1.0' ],
49 silly audit   micromatch: [ '2.3.11', '2.2.0' ],
49 silly audit   'object.omit': [ '2.0.1', '1.1.0' ],
49 silly audit   'fluent-ffmpeg': [ '2.1.2' ],
49 silly audit   'follow-redirects': [ '1.15.2' ],
49 silly audit   'for-each': [ '0.3.3' ],
49 silly audit   'for-in': [ '0.1.8', '1.0.2' ],
49 silly audit   'for-own': [ '0.1.5' ],
49 silly audit   'forever-agent': [ '0.6.1' ],
49 silly audit   'formdata-node': [ '4.4.1' ],
49 silly audit   'formdata-polyfill': [ '4.0.10' ],
49 silly audit   forwarded: [ '0.2.0' ],
49 silly audit   fresh: [ '0.5.2' ],
49 silly audit   fs: [ '0.0.1-security' ],
49 silly audit   'fs-constants': [ '1.0.0' ],
49 silly audit   'fs-exists-sync': [ '0.1.0' ],
49 silly audit   'fs-extra': [ '10.1.0' ],
49 silly audit   universalify: [ '2.0.0', '0.2.0' ],
49 silly audit   'function-bind': [ '1.1.1' ],
49 silly audit   'function.prototype.name': [ '1.1.5' ],
49 silly audit   'functions-have-names': [ '1.2.3' ],
49 silly audit   'futoin-hkdf': [ '1.5.1' ],
49 silly audit   'get-caller-file': [ '2.0.5' ],
49 silly audit   'get-intrinsic': [ '1.1.3' ],
49 silly audit   'get-symbol-description': [ '1.0.0' ],
49 silly audit   'get-value': [ '1.3.1' ],
49 silly audit   getpass: [ '0.1.7' ],
49 silly audit   gifwrap: [ '0.9.4' ],
49 silly audit   'github-from-package': [ '0.0.0' ],
49 silly audit   'glob-base': [ '0.3.0' ],
49 silly audit   'glob-parent': [ '2.0.0', '1.3.0' ],
49 silly audit   'glob-fs': [ '0.1.7' ],
49 silly audit   'glob-fs-dotfiles': [ '0.1.6' ],
49 silly audit   'glob-fs-gitignore': [ '0.1.6' ],
49 silly audit   global: [ '4.4.0' ],
49 silly audit   'global-modules': [ '0.2.3' ],
49 silly audit   'is-windows': [ '0.2.0', '0.1.1' ],
49 silly audit   'global-prefix': [ '0.1.5' ],
49 silly audit   'graceful-fs': [ '4.2.10' ],
49 silly audit   'har-schema': [ '2.0.0' ],
49 silly audit   'har-validator': [ '5.1.5' ],
49 silly audit   has: [ '1.0.3' ],
49 silly audit   'has-bigints': [ '1.0.2' ],
49 silly audit   'has-property-descriptors': [ '1.0.0' ],
49 silly audit   'has-symbols': [ '1.0.3' ],
49 silly audit   'has-tostringtag': [ '1.0.0' ],
49 silly audit   'homedir-polyfill': [ '1.0.3' ],
49 silly audit   htmlparser2: [ '8.0.1' ],
49 silly audit   'http-cache-semantics': [ '4.1.0' ],
49 silly audit   'http-errors': [ '2.0.0' ],
49 silly audit   'http-signature': [ '1.2.0' ],
49 silly audit   'http2-wrapper': [ '1.0.3' ],
49 silly audit   'https-proxy-agent': [ '5.0.1' ],
49 silly audit   'human-readable': [ '0.2.1' ],
49 silly audit   'human-signals': [ '2.1.0' ],
49 silly audit   'human-time': [ '0.0.2' ],
49 silly audit   'hxz-api': [ '1.0.1' ],
49 silly audit   'iconv-lite': [ '0.4.24', '0.6.3' ],
49 silly audit   ieee754: [ '1.2.1' ],
49 silly audit   'image-q': [ '4.0.0' ],
49 silly audit   'image-size': [ '1.0.2' ],
49 silly audit   imurmurhash: [ '0.1.4' ],
49 silly audit   inherits: [ '2.0.4' ],
49 silly audit   ini: [ '1.3.8' ],
49 silly audit   'insta-fetcher': [ '1.3.24' ],
49 silly audit   'internal-slot': [ '1.0.3' ],
49 silly audit   inversify: [ '6.0.1' ],
49 silly audit   ip: [ '2.0.0' ],
49 silly audit   'ip-regex': [ '4.3.0' ],
49 silly audit   'ipaddr.js': [ '1.9.1' ],
49 silly audit   'is-absolute': [ '0.2.6' ],
49 silly audit   'is-accessor-descriptor': [ '1.0.0' ],
49 silly audit   'is-arguments': [ '1.1.1' ],
49 silly audit   'is-arrayish': [ '0.3.2' ],
49 silly audit   'is-bigint': [ '1.0.4' ],
49 silly audit   'is-boolean-object': [ '1.1.2' ],
49 silly audit   'is-buffer': [ '1.1.6' ],
49 silly audit   'is-callable': [ '1.2.7' ],
49 silly audit   'is-data-descriptor': [ '1.0.0' ],
49 silly audit   'is-date-object': [ '1.0.5' ],
49 silly audit   'is-descriptor': [ '1.0.2' ],
49 silly audit   'is-dotdir': [ '0.1.0' ],
49 silly audit   'is-dotfile': [ '1.0.3' ],
49 silly audit   'is-equal-shallow': [ '0.1.3' ],
49 silly audit   'is-extendable': [ '0.1.1' ],
49 silly audit   'is-extglob': [ '1.0.0' ],
49 silly audit   'is-fullwidth-code-point': [ '3.0.0', '2.0.0' ],
49 silly audit   'is-function': [ '1.0.2' ],
49 silly audit   'is-generator-function': [ '1.0.10' ],
49 silly audit   'is-glob': [ '2.0.1', '1.1.3' ],
49 silly audit   'is-nan': [ '1.3.2' ],
49 silly audit   'is-negative-zero': [ '2.0.2' ],
49 silly audit   'is-number': [ '2.1.0', '4.0.0', '3.0.0' ],
49 silly audit   'is-number-object': [ '1.0.7' ],
49 silly audit   'is-obj': [ '2.0.0' ],
49 silly audit   'is-posix-bracket': [ '0.1.1' ],
49 silly audit   'is-potential-custom-element-name': [ '1.0.1' ],
49 silly audit   'is-primitive': [ '2.0.0' ],
49 silly audit   'is-promise': [ '2.2.2' ],
49 silly audit   'is-regex': [ '1.1.4' ],
49 silly audit   'is-relative': [ '0.2.1' ],
49 silly audit   'is-shared-array-buffer': [ '1.0.2' ],
49 silly audit   'is-stream': [ '2.0.1' ],
49 silly audit   'is-string': [ '1.0.7' ],
49 silly audit   'is-symbol': [ '1.0.4' ],
49 silly audit   'is-typed-array': [ '1.1.9' ],
49 silly audit   'is-typedarray': [ '1.0.0' ],
49 silly audit   'is-unc-path': [ '0.1.2' ],
49 silly audit   'is-weakref': [ '1.0.2' ],
49 silly audit   isarray: [ '1.0.0' ],
49 silly audit   isexe: [ '2.0.0' ],
49 silly audit   isobject: [ '2.1.0', '1.0.2' ],
49 silly audit   isstream: [ '0.1.2' ],
49 silly audit   'iterm2-version': [ '5.0.0' ],
49 silly audit   'javascript-obfuscator': [ '4.0.0' ],
49 silly audit   jimp: [ '0.16.2', '0.14.0' ],
49 silly audit   joycon: [ '3.1.1' ],
49 silly audit   'jpeg-js': [ '0.4.4' ],
49 silly audit   'js-string-escape': [ '1.0.1' ],
49 silly audit   jsbn: [ '0.1.1' ],
49 silly audit   jsdon: [ '0.1.15' ],
49 silly audit   'json-schema': [ '0.4.0' ],
49 silly audit   'json-schema-traverse': [ '0.4.1' ],
49 silly audit   'json-stringify-safe': [ '5.0.1' ],
49 silly audit   jsonfile: [ '6.1.0' ],
49 silly audit   'jsonpath-plus': [ '5.0.7' ],
49 silly audit   jsprim: [ '1.4.2' ],
49 silly audit   kareem: [ '2.4.1' ],
49 silly audit   keypress: [ '0.2.1' ],
49 silly audit   leven: [ '2.1.0' ],
49 silly audit   'levenshtein-edit-distance': [ '2.0.5' ],
49 silly audit   levn: [ '0.3.0' ],
49 silly audit   'libphonenumber-js': [ '1.10.14' ],
49 silly audit   libsignal: [ '2.0.1' ],
49 silly audit   protobufjs: [ '6.8.8', '6.11.3' ],
49 silly audit   'link-preview-js': [ '2.1.19' ],
49 silly audit   'load-bmfont': [ '1.4.1' ],
49 silly audit   'locate-path': [ '5.0.0' ],
49 silly audit   lodash: [ '4.17.21' ],
49 silly audit   'log-update': [ '4.0.0' ],
49 silly audit   long: [ '4.0.0' ],
49 silly audit   lowdb: [ '3.0.0' ],
49 silly audit   'lru-cache': [ '6.0.0' ],
49 silly audit   'lru-queue': [ '0.1.0' ],
49 silly audit   m3u8stream: [ '0.8.6' ],
49 silly audit   'make-dir': [ '3.1.0' ],
49 silly audit   'map-cache': [ '0.2.2' ],
49 silly audit   'math-random': [ '1.0.4' ],
49 silly audit   md5: [ '2.3.0' ],
49 silly audit   'media-typer': [ '1.1.0', '0.3.0' ],
49 silly audit   memoizee: [ '0.4.15' ],
49 silly audit   'memory-pager': [ '1.5.0' ],
49 silly audit   'merge-descriptors': [ '1.0.1' ],
49 silly audit   'merge-stream': [ '2.0.0' ],
49 silly audit   methods: [ '1.1.2' ],
49 silly audit   mime: [ '1.6.0' ],
49 silly audit   'mime-db': [ '1.52.0' ],
49 silly audit   'mime-types': [ '2.1.35' ],
49 silly audit   'mimic-fn': [ '2.1.0' ],
49 silly audit   'min-document': [ '2.19.0' ],
49 silly audit   miniget: [ '4.2.2' ],
49 silly audit   minimatch: [ '3.1.2', '3.0.8' ],
49 silly audit   minimist: [ '1.2.7' ],
49 silly audit   'mixin-object': [ '2.0.1' ],
49 silly audit   'mkdirp-classic': [ '0.5.3' ],
49 silly audit   moment: [ '2.29.4' ],
49 silly audit   'moment-timezone': [ '0.5.38' ],
49 silly audit   mongodb: [ '4.11.0' ],
49 silly audit   'mongodb-connection-string-url': [ '2.5.4' ],
49 silly audit   mongoose: [ '6.7.0' ],
49 silly audit   mpath: [ '0.9.0' ],
49 silly audit   mquery: [ '4.0.3' ],
49 silly audit   mri: [ '1.1.4' ],
49 silly audit   multimatch: [ '5.0.0' ],
49 silly audit   multistream: [ '2.1.1' ],
49 silly audit   'music-metadata': [ '7.13.0' ],
49 silly audit   'peek-readable': [ '4.1.0', '5.0.0' ],
49 silly audit   strtok3: [ '6.3.0', '7.0.0' ],
49 silly audit   'token-types': [ '4.2.1', '5.0.1' ],
49 silly audit   'napi-build-utils': [ '1.0.2' ],
49 silly audit   negotiator: [ '0.6.3' ],
49 silly audit   'next-tick': [ '1.1.0' ],
49 silly audit   'node-abi': [ '3.28.0' ],
49 silly audit   semver: [ '7.3.8', '6.3.0' ],
49 silly audit   'node-addon-api': [ '5.0.0' ],
49 silly audit   'node-cache': [ '5.1.2' ],
49 silly audit   'node-domexception': [ '1.0.0' ],
49 silly audit   'node-fzf': [ '0.5.3' ],
49 silly audit   'string-width': [ '2.1.1', '4.2.3' ],
49 silly audit   'strip-ansi': [ '4.0.0', '6.0.1' ],
49 silly audit   'node-gtts': [ '2.0.2' ],
49 silly audit   'node-webpmux': [ '3.1.3' ],
49 silly audit   noncharacters: [ '1.1.0' ],
49 silly audit   'normalize-path': [ '2.1.1' ],
49 silly audit   'npm-run-path': [ '4.0.1' ],
49 silly audit   'nth-check': [ '2.1.1' ],
49 silly audit   nwsapi: [ '2.2.2' ],
49 silly audit   'oauth-sign': [ '0.9.0' ],
49 silly audit   'object-assign': [ '4.1.1' ],
49 silly audit   'object-inspect': [ '1.12.2' ],
49 silly audit   'object-is': [ '1.1.5' ],
49 silly audit   'object-keys': [ '1.1.1' ],
49 silly audit   'object-visit': [ '0.1.0' ],
49 silly audit   'object.assign': [ '4.1.4' ],
49 silly audit   omggif: [ '1.0.10' ],
49 silly audit   'on-exit-leak-free': [ '0.2.0' ],
49 silly audit   'on-finished': [ '2.4.1' ],
49 silly audit   once: [ '1.4.0' ],
49 silly audit   onetime: [ '5.1.2' ],
49 silly audit   'opencollective-postinstall': [ '2.0.3' ],
49 silly audit   optionator: [ '0.8.3' ],
49 silly audit   'os-homedir': [ '1.0.2' ],
49 silly audit   'p-limit': [ '2.3.0' ],
49 silly audit   'p-locate': [ '4.1.0' ],
49 silly audit   'p-try': [ '2.2.0' ],
49 silly audit   pako: [ '1.0.11' ],
49 silly audit   'parse-bmfont-ascii': [ '1.0.6' ],
49 silly audit   'parse-bmfont-binary': [ '1.0.6' ],
49 silly audit   'parse-bmfont-xml': [ '1.1.4' ],
49 silly audit   'parse-filepath': [ '0.6.3' ],
49 silly audit   'parse-gitignore': [ '0.2.0' ],
49 silly audit   'parse-glob': [ '3.0.4' ],
49 silly audit   'parse-headers': [ '2.0.5' ],
49 silly audit   'parse-passwd': [ '1.0.0' ],
49 silly audit   'parse5-htmlparser2-tree-adapter': [ '7.0.0' ],
49 silly audit   parseurl: [ '1.3.3' ],
49 silly audit   'path-exists': [ '4.0.0' ],
49 silly audit   'path-key': [ '3.1.1' ],
49 silly audit   'path-to-regexp': [ '0.1.7' ],
49 silly audit   perf_hooks: [ '0.0.1' ],
49 silly audit   'performance-now': [ '2.1.0' ],
49 silly audit   phin: [ '2.9.3' ],
49 silly audit   pino: [ '7.11.0' ],
49 silly audit   'pino-abstract-transport': [ '0.5.0' ],
49 silly audit   'pino-pretty': [ '7.6.1' ],
49 silly audit   'pino-std-serializers': [ '4.0.0' ],
49 silly audit   pixelmatch: [ '4.0.2' ],
49 silly audit   plist: [ '3.0.6' ],
49 silly audit   'prebuild-install': [ '7.1.1' ],
49 silly audit   'prelude-ls': [ '1.1.2' ],
49 silly audit   'prepend-http': [ '2.0.0' ],
49 silly audit   preserve: [ '0.2.0' ],
49 silly audit   process: [ '0.11.10' ],
49 silly audit   'process-nextick-args': [ '2.0.1' ],
49 silly audit   'process-warning': [ '1.0.0' ],
49 silly audit   'proxy-addr': [ '2.0.7' ],
49 silly audit   psl: [ '1.9.0' ],
49 silly audit   pump: [ '3.0.0' ],
49 silly audit   punycode: [ '2.1.1', '1.3.2' ],
49 silly audit   qrcode: [ '1.5.1' ],
49 silly audit   'qrcode-terminal': [ '0.12.0' ],
49 silly audit   y18n: [ '4.0.3', '5.0.8' ],
49 silly audit   yargs: [ '15.4.1', '17.6.0' ],
49 silly audit   'yargs-parser': [ '18.1.3', '21.1.1' ],
49 silly audit   qs: [ '6.11.0', '6.5.3' ],
49 silly audit   querystring: [ '0.2.0' ],
49 silly audit   querystringify: [ '2.2.0' ],
49 silly audit   queue: [ '6.0.2' ],
49 silly audit   'quick-format-unescaped': [ '4.0.4' ],
49 silly audit   'quick-lru': [ '5.1.1' ],
49 silly audit   randomatic: [ '3.1.1' ],
49 silly audit   'range-parser': [ '1.2.1' ],
49 silly audit   'raw-body': [ '2.5.1' ],
49 silly audit   rc: [ '1.2.8' ],
49 silly audit   'strip-json-comments': [ '2.0.1', '3.1.1' ],
49 silly audit   'safe-buffer': [ '5.1.2', '5.2.1' ],
49 silly audit   'readable-web-to-node-stream': [ '3.0.2' ],
49 silly audit   readline: [ '1.3.0' ],
49 silly audit   'real-require': [ '0.1.0' ],
49 silly audit   redstar: [ '0.0.2' ],
49 silly audit   'reflect-metadata': [ '0.1.13' ],
49 silly audit   'regenerator-runtime': [ '0.13.10' ],
49 silly audit   'regex-cache': [ '0.4.4' ],
49 silly audit   'regexp.prototype.flags': [ '1.4.3' ],
49 silly audit   relative: [ '3.0.2' ],
49 silly audit   'remove-trailing-separator': [ '1.1.0' ],
49 silly audit   'render-gif': [ '2.0.4' ],
49 silly audit   'repeat-element': [ '1.1.4' ],
49 silly audit   'repeat-string': [ '1.6.1' ],
49 silly audit   request: [ '2.88.2' ],
49 silly audit   'tough-cookie': [ '2.5.0', '4.1.2' ],
49 silly audit   uuid: [ '3.4.0', '8.3.2' ],
49 silly audit   'require-directory': [ '2.1.1' ],
49 silly audit   'require-main-filename': [ '2.0.0' ],
49 silly audit   'requires-port': [ '1.0.0' ],
49 silly audit   'resolve-alpn': [ '1.2.1' ],
49 silly audit   'resolve-dir': [ '0.1.1' ],
49 silly audit   'restore-cursor': [ '3.1.0' ],
49 silly audit   rfdc: [ '1.3.0' ],
49 silly audit   'safe-regex-test': [ '1.0.0' ],
49 silly audit   'safe-stable-stringify': [ '2.4.1' ],
49 silly audit   'safer-buffer': [ '2.1.2' ],
49 silly audit   saslprep: [ '1.0.3' ],
49 silly audit   sax: [ '1.2.4' ],
49 silly audit   saxes: [ '5.0.1' ],
49 silly audit   'secure-json-parse': [ '2.5.0' ],
49 silly audit   send: [ '0.18.0' ],
49 silly audit   'serve-static': [ '1.15.0' ],
49 silly audit   'set-blocking': [ '2.0.0' ],
49 silly audit   'set-value': [ '0.2.0' ],
49 silly audit   setprototypeof: [ '1.2.0' ],
49 silly audit   sharp: [ '0.30.7' ],
49 silly audit   'shebang-command': [ '2.0.0' ],
49 silly audit   'shebang-regex': [ '3.0.0' ],
49 silly audit   'side-channel': [ '1.0.4' ],
49 silly audit   sift: [ '16.0.0' ],
49 silly audit   'signal-exit': [ '3.0.7' ],
49 silly audit   similarity: [ '1.2.1' ],
49 silly audit   'simple-concat': [ '1.0.1' ],
49 silly audit   'simple-get': [ '4.0.1' ],
49 silly audit   'simple-swizzle': [ '0.2.2' ],
49 silly audit   'slice-ansi': [ '4.0.0' ],
49 silly audit   'smart-buffer': [ '4.2.0' ],
49 silly audit   'socket.io': [ '4.5.3' ],
49 silly audit   'socket.io-adapter': [ '2.4.0' ],
49 silly audit   'socket.io-parser': [ '4.2.1' ],
49 silly audit   socks: [ '2.7.1' ],
49 silly audit   'sonic-boom': [ '2.8.0' ],
49 silly audit   'source-map': [ '0.6.1' ],
49 silly audit   'source-map-support': [ '0.5.21' ],
49 silly audit   'sparse-bitfield': [ '3.0.3' ],
49 silly audit   split2: [ '4.1.0' ],
49 silly audit   sshpk: [ '1.17.0' ],
49 silly audit   'starts-with': [ '1.0.2' ],
49 silly audit   statuses: [ '2.0.1' ],
49 silly audit   steno: [ '2.1.0' ],
49 silly audit   'stream-shift': [ '1.0.1' ],
49 silly audit   string_decoder: [ '1.1.1' ],
49 silly audit   'string-template': [ '1.0.0' ],
49 silly audit   'string.prototype.trimend': [ '1.0.5' ],
49 silly audit   'string.prototype.trimstart': [ '1.0.5' ],
49 silly audit   stringz: [ '2.1.0' ],
49 silly audit   'strip-final-newline': [ '2.0.0' ],
49 silly audit   strnum: [ '1.0.5' ],
49 silly audit   'symbol-tree': [ '3.2.4' ],
49 silly audit   'syntax-error': [ '1.4.0' ],
49 silly audit   'tar-fs': [ '2.1.1' ],
49 silly audit   'tar-stream': [ '2.2.0' ],
49 silly audit   'term-img': [ '6.0.0' ],
49 silly audit   'type-fest': [ '1.4.0', '0.21.3' ],
49 silly audit   'terminal-image': [ '2.0.0' ],
49 silly audit   'thread-stream': [ '0.15.2' ],
49 silly audit   through2: [ '2.0.5' ],
49 silly audit   'timers-ext': [ '0.1.7' ],
49 silly audit   timm: [ '1.7.1' ],
49 silly audit   tinycolor2: [ '1.4.2' ],
49 silly audit   tlds: [ '1.233.0' ],
49 silly audit   'to-readable-stream': [ '1.0.0' ],
49 silly audit   toidentifier: [ '1.0.1' ],
49 silly audit   ttys: [ '0.0.3' ],
49 silly audit   'tunnel-agent': [ '0.6.0' ],
49 silly audit   tweetnacl: [ '0.14.5' ],
49 silly audit   'type-check': [ '0.3.2' ],
49 silly audit   'type-is': [ '1.6.18' ],
49 silly audit   'typedarray-to-buffer': [ '3.1.5' ],
49 silly audit   'unbox-primitive': [ '1.0.2' ],
49 silly audit   'unc-path-regex': [ '0.1.2' ],
49 silly audit   'unique-string': [ '2.0.0' ],
49 silly audit   unpipe: [ '1.0.0' ],
49 silly audit   'uri-js': [ '4.4.1' ],
49 silly audit   url: [ '0.11.0' ],
49 silly audit   'url-parse': [ '1.5.10' ],
49 silly audit   'url-parse-lax': [ '3.0.0' ],
49 silly audit   'url-regex-safe': [ '3.0.0' ],
49 silly audit   utif: [ '2.0.1' ],
49 silly audit   util: [ '0.12.5' ],
49 silly audit   'util-deprecate': [ '1.0.2' ],
49 silly audit   'utils-merge': [ '1.0.1' ],
49 silly audit   validator: [ '13.7.0' ],
49 silly audit   vary: [ '1.1.2' ],
49 silly audit   verror: [ '1.10.0' ],
49 silly audit   'w3c-hr-time': [ '1.0.2' ],
49 silly audit   'wa-sticker-formatter': [ '4.3.2' ],
49 silly audit   'which-boxed-primitive': [ '1.0.2' ],
49 silly audit   'which-module': [ '2.0.0' ],
49 silly audit   'which-typed-array': [ '1.1.8' ],
49 silly audit   'window-size': [ '1.1.1' ],
49 silly audit   'word-wrap': [ '1.2.3' ],
49 silly audit   wrappy: [ '1.0.2' ],
49 silly audit   'write-file-atomic': [ '3.0.3' ],
49 silly audit   'xdg-basedir': [ '4.0.0' ],
49 silly audit   xhr: [ '2.6.0' ],
49 silly audit   'xml-parse-from-string': [ '1.0.1' ],
49 silly audit   xml2js: [ '0.4.23' ],
49 silly audit   xmlbuilder: [ '11.0.1', '15.1.1' ],
49 silly audit   xmlchars: [ '2.2.0' ],
49 silly audit   xtend: [ '4.0.2' ],
49 silly audit   yallist: [ '4.0.0' ],
49 silly audit   'yt-search': [ '2.10.3' ],
49 silly audit   'ytdl-core': [ '0.0.0-development' ],
49 silly audit   zod: [ '3.19.1' ]
49 silly audit }
50 timing reify:unpack Completed in 3ms
51 timing reify:unretire Completed in 0ms
52 timing build:queue Completed in 0ms
53 timing build:deps Completed in 0ms
54 timing build Completed in 1ms
55 timing reify:build Completed in 2ms
56 timing reify:trash Completed in 0ms
57 timing reify:save Completed in 309ms
58 http fetch POST 200 https://registry.npmjs.org/-/npm/v1/security/advisories/bulk 744ms
59 timing auditReport:getReport Completed in 759ms
60 silly audit report {
60 silly audit report   got: [
60 silly audit report     {
60 silly audit report       id: 1080920,
60 silly audit report       url: 'https://github.com/advisories/GHSA-pfrx-2q88-qq97',
60 silly audit report       title: 'Got allows a redirect to a UNIX socket',
60 silly audit report       severity: 'moderate',
60 silly audit report       vulnerable_versions: '<11.8.5',
60 silly audit report       cwe: [],
60 silly audit report       cvss: [Object]
60 silly audit report     }
60 silly audit report   ],
60 silly audit report   'glob-parent': [
60 silly audit report     {
60 silly audit report       id: 1081884,
60 silly audit report       url: 'https://github.com/advisories/GHSA-ww39-953v-wcq6',
60 silly audit report       title: 'glob-parent before 5.1.2 vulnerable to Regular Expression Denial of Service in enclosure regex',
60 silly audit report       severity: 'high',
60 silly audit report       vulnerable_versions: '<5.1.2',
60 silly audit report       cwe: [Array],
60 silly audit report       cvss: [Object]
60 silly audit report     }
60 silly audit report   ],
60 silly audit report   braces: [
60 silly audit report     {
60 silly audit report       id: 1082316,
60 silly audit report       url: 'https://github.com/advisories/GHSA-cwfw-4gq5-mrqx',
60 silly audit report       title: 'Regular Expression Denial of Service (ReDoS) in braces',
60 silly audit report       severity: 'low',
60 silly audit report       vulnerable_versions: '<2.3.1',
60 silly audit report       cwe: [Array],
60 silly audit report       cvss: [Object]
60 silly audit report     },
60 silly audit report     {
60 silly audit report       id: 1069589,
60 silly audit report       url: 'https://github.com/advisories/GHSA-g95f-p29q-9xw4',
60 silly audit report       title: 'Regular Expression Denial of Service in braces',
60 silly audit report       severity: 'low',
60 silly audit report       vulnerable_versions: '<2.3.1',
60 silly audit report       cwe: [Array],
60 silly audit report       cvss: [Object]
60 silly audit report     }
60 silly audit report   ],
60 silly audit report   'set-value': [
60 silly audit report     {
60 silly audit report       id: 1067327,
60 silly audit report       url: 'https://github.com/advisories/GHSA-4jqc-8m5r-9rpr',
60 silly audit report       title: 'Prototype Pollution in set-value',
60 silly audit report       severity: 'high',
60 silly audit report       vulnerable_versions: '<2.0.1',
60 silly audit report       cwe: [Array],
60 silly audit report       cvss: [Object]
60 silly audit report     },
60 silly audit report     {
60 silly audit report       id: 1069524,
60 silly audit report       url: 'https://github.com/advisories/GHSA-4g88-fppr-53pp',
60 silly audit report       title: 'Prototype Pollution in set-value',
60 silly audit report       severity: 'critical',
60 silly audit report       vulnerable_versions: '<2.0.1',
60 silly audit report       cwe: [Array],
60 silly audit report       cvss: [Object]
60 silly audit report     }
60 silly audit report   ]
60 silly audit report }
61 timing metavuln:cache:get:security-advisory:got:VDAqdWeBprXIM3ID/tj0yOqinr2LIY3dglkA/C/aM/Y9MNOK816kL4DQvwHiY6OuV+J0HRHAYvZDHl0QaZw/Og== Completed in 22ms
62 timing metavuln:cache:get:security-advisory:glob-parent:S4NFkE/dxC92qTLWroavym0NwZzQKYtYudj/+ukE5LnX++Gm4YT6e2q8w6lEC60psmjq5CL7a6aosF0CCmRNEA== Completed in 19ms
63 timing metavuln:cache:get:security-advisory:braces:SipstvKi9UlqqwXsHJCtC+P1NflD79pIJeF6bq1IbuXakxWBb9eNxWr+Kg3aIFrL7tJzXvmaAOwL8ttUe+7UzQ== Completed in 19ms
64 timing metavuln:cache:get:security-advisory:set-value:JqW0WKTA9WScSgFjH3df6ystWV9mGK+HFD4FFzqr/zMUSpHP1/hcb+Zz9F8SGtLS9qScwobcZlZvIC/EaH7eVg== Completed in 19ms
65 timing metavuln:cache:get:security-advisory:set-value:JVEQl0VQNHtMGD9ggImoKgEcIXzokyzteTtSnkcSjNh7ZkdvRAuj9z9Y3SbRalyGbQ+j0qjCTcMMX9RIv6eWmw== Completed in 21ms
66 timing metavuln:cache:get:security-advisory:braces:GEmpe6mOml5lg2j/CM82tnuune/R6JRd2Iw4vNEJ1afPPOC/2jusGhIfFA2sqUry3mZMYw5B3nRfDNdA0fQ+wg== Completed in 22ms
67 http fetch GET 200 https://registry.npmjs.org/set-value 40ms (cache hit)
68 timing metavuln:packument:set-value Completed in 41ms
69 timing metavuln:load:security-advisory:set-value:1067327 Completed in 0ms
70 timing metavuln:calculate:security-advisory:set-value:1067327 Completed in 41ms
71 timing metavuln:load:security-advisory:set-value:1069524 Completed in 0ms
72 timing metavuln:calculate:security-advisory:set-value:1069524 Completed in 41ms
73 http fetch GET 200 https://registry.npmjs.org/braces 43ms (cache hit)
74 timing metavuln:packument:braces Completed in 44ms
75 timing metavuln:load:security-advisory:braces:1082316 Completed in 1ms
76 timing metavuln:calculate:security-advisory:braces:1082316 Completed in 45ms
77 timing metavuln:load:security-advisory:braces:1069589 Completed in 0ms
78 timing metavuln:calculate:security-advisory:braces:1069589 Completed in 45ms
79 http fetch GET 200 https://registry.npmjs.org/got 47ms (cache hit)
80 timing metavuln:packument:got Completed in 50ms
81 timing metavuln:load:security-advisory:got:1080920 Completed in 2ms
82 timing metavuln:calculate:security-advisory:got:1080920 Completed in 53ms
83 http fetch GET 200 https://registry.npmjs.org/glob-parent 50ms (cache hit)
84 timing metavuln:packument:glob-parent Completed in 50ms
85 timing metavuln:load:security-advisory:glob-parent:1081884 Completed in 0ms
86 timing metavuln:calculate:security-advisory:glob-parent:1081884 Completed in 51ms
87 timing metavuln:cache:get:security-advisory:@vitalets/google-translate-api:/Z/wRhwqrOfueOMkSx14ndllmhoIH8ezWSWX7/+dbl7IbvwImKMs1H1Galq09lGblv0+3zjfFsIuDrq4iAboTg== Completed in 5ms
88 http fetch GET 200 https://registry.npmjs.org/@vitalets%2fgoogle-translate-api 8ms (cache hit)
89 timing metavuln:packument:@vitalets/google-translate-api Completed in 8ms
90 timing metavuln:load:security-advisory:@vitalets/google-translate-api:VDAqdWeBprXIM3ID/tj0yOqinr2LIY3dglkA/C/aM/Y9MNOK816kL4DQvwHiY6OuV+J0HRHAYvZDHl0QaZw/Og== Completed in 0ms
91 timing metavuln:calculate:security-advisory:@vitalets/google-translate-api:VDAqdWeBprXIM3ID/tj0yOqinr2LIY3dglkA/C/aM/Y9MNOK816kL4DQvwHiY6OuV+J0HRHAYvZDHl0QaZw/Og== Completed in 8ms
92 timing metavuln:cache:get:security-advisory:glob-base:xTVUDkYf/0rlAMrfnyE8owEqHGK5tZo1YEWop4Ys7lbY4zbuCx1yBqr+cltllJwOC3VOvC4V9gWPQjAxwY39gg== Completed in 18ms
93 timing metavuln:cache:get:security-advisory:glob-fs:9ZwCJtWq26eq5HrjfMtCVzgyIlL+nEM7bBgHnO7U9RqWrXmz89d5pDryt7rAy5aqCbfAcJu8H0roCJGGAlovTA== Completed in 17ms
94 http fetch GET 200 https://registry.npmjs.org/glob-base 28ms (cache hit)
95 timing metavuln:packument:glob-base Completed in 30ms
96 timing metavuln:load:security-advisory:glob-base:S4NFkE/dxC92qTLWroavym0NwZzQKYtYudj/+ukE5LnX++Gm4YT6e2q8w6lEC60psmjq5CL7a6aosF0CCmRNEA== Completed in 0ms
97 timing metavuln:calculate:security-advisory:glob-base:S4NFkE/dxC92qTLWroavym0NwZzQKYtYudj/+ukE5LnX++Gm4YT6e2q8w6lEC60psmjq5CL7a6aosF0CCmRNEA== Completed in 30ms
98 http fetch GET 200 https://registry.npmjs.org/glob-fs 29ms (cache hit)
99 timing metavuln:packument:glob-fs Completed in 29ms
100 timing metavuln:load:security-advisory:glob-fs:S4NFkE/dxC92qTLWroavym0NwZzQKYtYudj/+ukE5LnX++Gm4YT6e2q8w6lEC60psmjq5CL7a6aosF0CCmRNEA== Completed in 0ms
101 timing metavuln:calculate:security-advisory:glob-fs:S4NFkE/dxC92qTLWroavym0NwZzQKYtYudj/+ukE5LnX++Gm4YT6e2q8w6lEC60psmjq5CL7a6aosF0CCmRNEA== Completed in 30ms
102 timing metavuln:cache:get:security-advisory:micromatch:CbVAhtdD3EwyPTjjB4xtbWX2KC2uviOXUCQpBLAFZ+mbLnEgpVMQCektsNvb88Qj5oeZu/5RkxkZVtJWFy6sHA== Completed in 18ms
103 http fetch GET 200 https://registry.npmjs.org/micromatch 22ms (cache hit)
104 timing metavuln:packument:micromatch Completed in 23ms
105 timing metavuln:load:security-advisory:micromatch:GEmpe6mOml5lg2j/CM82tnuune/R6JRd2Iw4vNEJ1afPPOC/2jusGhIfFA2sqUry3mZMYw5B3nRfDNdA0fQ+wg== Completed in 1ms
106 timing metavuln:calculate:security-advisory:micromatch:GEmpe6mOml5lg2j/CM82tnuune/R6JRd2Iw4vNEJ1afPPOC/2jusGhIfFA2sqUry3mZMYw5B3nRfDNdA0fQ+wg== Completed in 24ms
107 timing metavuln:cache:get:security-advisory:glob-fs:zq9njAzcQ8nIXfHOtBxkmr7a5ylKf2KXFXETd87nYUsHj8KZs03rKnnkxiGKRrOpGl6hInQFAvbYa0R5kI9sag== Completed in 5ms
108 timing metavuln:load:security-advisory:glob-fs:JVEQl0VQNHtMGD9ggImoKgEcIXzokyzteTtSnkcSjNh7ZkdvRAuj9z9Y3SbRalyGbQ+j0qjCTcMMX9RIv6eWmw== Completed in 0ms
109 timing metavuln:calculate:security-advisory:glob-fs:JVEQl0VQNHtMGD9ggImoKgEcIXzokyzteTtSnkcSjNh7ZkdvRAuj9z9Y3SbRalyGbQ+j0qjCTcMMX9RIv6eWmw== Completed in 5ms
110 timing metavuln:cache:get:security-advisory:parse-glob:uqLBzyL4tsjN6wzLO/7AO8qYMrYeMGuOjrxQTbPqmWlnvJOjiUAf7ZKQb+D4tmk4UMwwe8cb+rEjTRGTpZKHkQ== Completed in 10ms
111 http fetch GET 200 https://registry.npmjs.org/parse-glob 17ms (cache hit)
112 timing metavuln:packument:parse-glob Completed in 18ms
113 timing metavuln:load:security-advisory:parse-glob:xTVUDkYf/0rlAMrfnyE8owEqHGK5tZo1YEWop4Ys7lbY4zbuCx1yBqr+cltllJwOC3VOvC4V9gWPQjAxwY39gg== Completed in 0ms
114 timing metavuln:calculate:security-advisory:parse-glob:xTVUDkYf/0rlAMrfnyE8owEqHGK5tZo1YEWop4Ys7lbY4zbuCx1yBqr+cltllJwOC3VOvC4V9gWPQjAxwY39gg== Completed in 19ms
115 timing metavuln:cache:get:security-advisory:findup-sync:GY05iM8aWzfl/e8SddwMgW6sL7khhVsMUNXF/La/BwaqgWbeGwBh5b4kXmgaep09t86sgqjtVSBpe/rHnail+w== Completed in 11ms
116 timing metavuln:cache:get:security-advisory:glob-fs:nwPmrAtEJItBOZLONMbplxAdZEvywdV46IQsP1PoSU7A9GuKq4DJeqsLQN7bCf1mBnU45RPiERtsr1z0/nMeTA== Completed in 8ms
117 timing metavuln:load:security-advisory:glob-fs:CbVAhtdD3EwyPTjjB4xtbWX2KC2uviOXUCQpBLAFZ+mbLnEgpVMQCektsNvb88Qj5oeZu/5RkxkZVtJWFy6sHA== Completed in 0ms
118 timing metavuln:calculate:security-advisory:glob-fs:CbVAhtdD3EwyPTjjB4xtbWX2KC2uviOXUCQpBLAFZ+mbLnEgpVMQCektsNvb88Qj5oeZu/5RkxkZVtJWFy6sHA== Completed in 8ms
119 timing metavuln:cache:get:security-advisory:glob-fs-gitignore:XoBLnCjiUId4b5CVTpPokh751/UJPU27YztWpytPomZc4gTeo3l3TW0z3SxPJc9xzYLcJCJLhblwTaJ/TBqXLg== Completed in 11ms
120 http fetch GET 200 https://registry.npmjs.org/glob-fs-gitignore 13ms (cache hit)
121 timing metavuln:packument:glob-fs-gitignore Completed in 15ms
122 timing metavuln:load:security-advisory:glob-fs-gitignore:CbVAhtdD3EwyPTjjB4xtbWX2KC2uviOXUCQpBLAFZ+mbLnEgpVMQCektsNvb88Qj5oeZu/5RkxkZVtJWFy6sHA== Completed in 0ms
123 timing metavuln:calculate:security-advisory:glob-fs-gitignore:CbVAhtdD3EwyPTjjB4xtbWX2KC2uviOXUCQpBLAFZ+mbLnEgpVMQCektsNvb88Qj5oeZu/5RkxkZVtJWFy6sHA== Completed in 16ms
124 http fetch GET 200 https://registry.npmjs.org/findup-sync 16ms (cache hit)
125 timing metavuln:packument:findup-sync Completed in 18ms
126 timing metavuln:load:security-advisory:findup-sync:CbVAhtdD3EwyPTjjB4xtbWX2KC2uviOXUCQpBLAFZ+mbLnEgpVMQCektsNvb88Qj5oeZu/5RkxkZVtJWFy6sHA== Completed in 0ms
127 timing metavuln:calculate:security-advisory:findup-sync:CbVAhtdD3EwyPTjjB4xtbWX2KC2uviOXUCQpBLAFZ+mbLnEgpVMQCektsNvb88Qj5oeZu/5RkxkZVtJWFy6sHA== Completed in 18ms
128 timing metavuln:cache:get:security-advisory:micromatch:BrK6Z6ODN0+Z1dr8wczX0+I0c8YUrI5J5QzOfF2g0c8nfLOomhErA6kpAB5Bv3Hqrx4ugrn2TW7B223OhEQUgA== Completed in 2ms
129 timing metavuln:load:security-advisory:micromatch:uqLBzyL4tsjN6wzLO/7AO8qYMrYeMGuOjrxQTbPqmWlnvJOjiUAf7ZKQb+D4tmk4UMwwe8cb+rEjTRGTpZKHkQ== Completed in 1ms
130 timing metavuln:calculate:security-advisory:micromatch:uqLBzyL4tsjN6wzLO/7AO8qYMrYeMGuOjrxQTbPqmWlnvJOjiUAf7ZKQb+D4tmk4UMwwe8cb+rEjTRGTpZKHkQ== Completed in 3ms
131 timing metavuln:cache:get:security-advisory:glob-fs:YLjkdGMmvozldkiWz9SJ4NQ4iM+m04Ppeoh25pSF7/NU5E2q87HTWy15rOsrHoqkQVpON3WNVrOdZMqOy7qwiw== Completed in 3ms
132 timing metavuln:load:security-advisory:glob-fs:XoBLnCjiUId4b5CVTpPokh751/UJPU27YztWpytPomZc4gTeo3l3TW0z3SxPJc9xzYLcJCJLhblwTaJ/TBqXLg== Completed in 0ms
133 timing metavuln:calculate:security-advisory:glob-fs:XoBLnCjiUId4b5CVTpPokh751/UJPU27YztWpytPomZc4gTeo3l3TW0z3SxPJc9xzYLcJCJLhblwTaJ/TBqXLg== Completed in 3ms
134 timing metavuln:cache:get:security-advisory:glob-fs-gitignore:E9sLA/fPhbVZlRMrIfq0HRPSM2TDBUbb9wlFfA+QTmmeCZOucnT7Pgb4TaXIZL6wukIIs/Aejlchmvjeu+eAAw== Completed in 3ms
135 timing metavuln:load:security-advisory:glob-fs-gitignore:GY05iM8aWzfl/e8SddwMgW6sL7khhVsMUNXF/La/BwaqgWbeGwBh5b4kXmgaep09t86sgqjtVSBpe/rHnail+w== Completed in 0ms
136 timing metavuln:calculate:security-advisory:glob-fs-gitignore:GY05iM8aWzfl/e8SddwMgW6sL7khhVsMUNXF/La/BwaqgWbeGwBh5b4kXmgaep09t86sgqjtVSBpe/rHnail+w== Completed in 3ms
137 timing auditReport:init Completed in 172ms
138 timing reify:audit Completed in 933ms
139 timing reify Completed in 2428ms
140 timing command:i Completed in 2478ms
141 verbose exit 0
142 timing npm Completed in 2658ms
143 info ok
